2019-01-20 16:01:826 INFO  LoggerHelper:22 - logger is configured
2019-01-20 16:01:851 INFO  LoggerHelper:23 - logger is configured
2019-01-20 16:01:852 INFO  LoggerHelper:24 - logger is configured
2019-01-20 16:01:110 INFO  LoggerHelper:22 - logger is configured
2019-01-20 16:01:115 INFO  LoggerHelper:23 - logger is configured
2019-01-20 16:01:115 INFO  LoggerHelper:24 - logger is configured
2019-01-20 17:01:958 INFO  LoggerHelper:23 - logger is configured
2019-01-20 17:01:962 INFO  LoggerHelper:24 - logger is configured
2019-01-20 17:01:963 INFO  LoggerHelper:25 - logger is configured
2019-02-19 17:02:826 INFO  TestBase:119 - The driver executable does not exist: D:\Selenium_Projects\KiranReddy\src\main\resources\drivers\chromedriver.exe
2019-02-19 17:02:219 INFO  TestBase:126 - Initialize Web driver: 11683674
2019-02-19 17:02:226 INFO  WaitHelper:29 - WaitHelper object created..
2019-02-19 17:02:227 INFO  WaitHelper:40 - Implicit Wait has been set to: 120
2019-02-19 17:02:325 INFO  WaitHelper:174 - waiting for page to load for : SECONDS seconds
2019-02-19 17:02:331 INFO  WaitHelper:178 - page is loaded
2019-02-19 17:02:604 INFO  TestBase:67 - **************testLoginToApplicationStarted***************
2019-02-19 17:02:136 INFO  WaitHelper:29 - WaitHelper object created..
2019-02-19 17:02:271 INFO  WaitHelper:189 - waiting for :[[ChromeDriver: chrome on XP (0a2af158365d686bf9ab1a753b33508e)] -> xpath: //*[@id='header']/div[2]/div/div/nav/div[1]/a] for :200 seconds
2019-02-19 17:02:429 INFO  WaitHelper:195 - element is visible now
2019-02-19 17:02:430 INFO  TestBase:159 - capturing ui navigation screen...
2019-02-19 17:02:432 INFO  JavaScriptHelper:18 - JavaScriptHelper has been initialised
2019-02-19 17:02:363 INFO  JavaScriptHelper:18 - JavaScriptHelper has been initialised
2019-02-19 17:02:458 INFO  LoginPage:65 - clicked on sign in link...
2019-02-19 17:02:385 INFO  LoginPage:71 - entering email address....1529686406836@gmail.com
2019-02-19 17:02:895 INFO  LoginPage:77 - entering password....password
2019-02-19 17:02:249 INFO  LoginPage:83 - clicking on submit button...
2019-02-19 17:02:252 INFO  JavaScriptHelper:18 - JavaScriptHelper has been initialised
2019-02-19 17:02:252 INFO  JavaScriptHelper:84 - scrolling down vertically...
2019-02-19 17:02:154 INFO  WaitHelper:29 - WaitHelper object created..
2019-02-19 17:02:201 INFO  WaitHelper:189 - waiting for :[[ChromeDriver: chrome on XP (0a2af158365d686bf9ab1a753b33508e)] -> xpath: //*[@id='block_top_menu']/ul/li[1]/a] for :200 seconds
2019-02-19 17:02:257 INFO  WaitHelper:195 - element is visible now
2019-02-19 17:02:258 INFO  TestBase:159 - capturing ui navigation screen...
2019-02-19 17:02:258 INFO  JavaScriptHelper:18 - JavaScriptHelper has been initialised
2019-02-19 17:02:756 INFO  JavaScriptHelper:18 - JavaScriptHelper has been initialised
2019-02-19 17:02:470 INFO  TestBase:126 - Initialize Web driver: 15513016
2019-02-19 17:02:478 INFO  WaitHelper:29 - WaitHelper object created..
2019-02-19 17:02:478 INFO  WaitHelper:40 - Implicit Wait has been set to: 120
2019-02-19 17:02:487 INFO  WaitHelper:174 - waiting for page to load for : SECONDS seconds
2019-02-19 17:02:490 INFO  WaitHelper:178 - page is loaded
2019-02-19 17:02:706 INFO  TestBase:67 - **************testLoginToApplicationStarted***************
2019-02-19 17:02:846 INFO  WaitHelper:29 - WaitHelper object created..
2019-02-19 17:02:884 INFO  WaitHelper:189 - waiting for :[[ChromeDriver: chrome on XP (b68e4146000cd6bf7c8d39808ca1c288)] -> xpath: //*[@id='header']/div[2]/div/div/nav/div[1]/a] for :200 seconds
2019-02-19 17:02:961 INFO  WaitHelper:195 - element is visible now
2019-02-19 17:02:961 INFO  TestBase:159 - capturing ui navigation screen...
2019-02-19 17:02:963 INFO  JavaScriptHelper:18 - JavaScriptHelper has been initialised
2019-02-19 17:02:610 INFO  JavaScriptHelper:18 - JavaScriptHelper has been initialised
2019-02-19 17:02:664 INFO  LoginPage:65 - clicked on sign in link...
2019-02-19 17:02:405 INFO  LoginPage:71 - entering email address....1529686406836@gmail.com
2019-02-19 17:02:727 INFO  LoginPage:77 - entering password....password
2019-02-19 17:02:06 INFO  LoginPage:83 - clicking on submit button...
2019-02-19 17:02:09 INFO  JavaScriptHelper:18 - JavaScriptHelper has been initialised
2019-02-19 17:02:09 INFO  JavaScriptHelper:84 - scrolling down vertically...
2019-02-19 17:02:691 INFO  WaitHelper:29 - WaitHelper object created..
2019-02-19 17:02:732 INFO  WaitHelper:189 - waiting for :[[ChromeDriver: chrome on XP (b68e4146000cd6bf7c8d39808ca1c288)] -> xpath: //*[@id='block_top_menu']/ul/li[1]/a] for :200 seconds
2019-02-19 17:02:797 INFO  WaitHelper:195 - element is visible now
2019-02-19 17:02:798 INFO  TestBase:159 - capturing ui navigation screen...
2019-02-19 17:02:799 INFO  JavaScriptHelper:18 - JavaScriptHelper has been initialised
2019-02-19 17:02:270 INFO  JavaScriptHelper:18 - JavaScriptHelper has been initialised
2019-02-19 17:02:513 ERROR VerificationHelper:27 - element is not Displayed..
2019-02-19 17:02:989 INFO  TestBase:85 - **************testLoginToApplicationFinished***************
2019-02-19 17:02:289 INFO  TestBase:126 - Initialize Web driver: 10725637
2019-02-19 17:02:289 INFO  WaitHelper:29 - WaitHelper object created..
2019-02-19 17:02:290 INFO  WaitHelper:40 - Implicit Wait has been set to: 120
2019-02-19 17:02:294 INFO  WaitHelper:174 - waiting for page to load for : SECONDS seconds
2019-02-19 17:02:298 INFO  WaitHelper:178 - page is loaded
2019-02-19 17:02:478 INFO  TestBase:67 - **************testRegistrationStarted***************
2019-02-19 17:02:134 INFO  WaitHelper:29 - WaitHelper object created..
2019-02-19 17:02:198 INFO  WaitHelper:189 - waiting for :[[ChromeDriver: chrome on XP (c308a0b3fb1e66b4bae13f00c6d07484)] -> xpath: //*[@id='header']/div[2]/div/div/nav/div[1]/a] for :200 seconds
2019-02-19 17:02:291 INFO  WaitHelper:195 - element is visible now
2019-02-19 17:02:292 INFO  TestBase:159 - capturing ui navigation screen...
2019-02-19 17:02:292 INFO  JavaScriptHelper:18 - JavaScriptHelper has been initialised
2019-02-19 17:02:999 INFO  JavaScriptHelper:18 - JavaScriptHelper has been initialised
2019-02-19 17:02:71 INFO  LoginPage:65 - clicked on sign in link...
2019-02-19 17:02:371 INFO  LoginPage:98 - entering registration email..1550577370371@gmail.com
2019-02-19 17:02:973 INFO  WaitHelper:29 - WaitHelper object created..
2019-02-19 17:02:693 INFO  WaitHelper:189 - waiting for :[[ChromeDriver: chrome on XP (c308a0b3fb1e66b4bae13f00c6d07484)] -> xpath: //*[@id='id_gender1']] for :200 seconds
2019-02-19 17:02:866 INFO  WaitHelper:195 - element is visible now
2019-02-19 17:02:867 INFO  TestBase:159 - capturing ui navigation screen...
2019-02-19 17:02:867 INFO  JavaScriptHelper:18 - JavaScriptHelper has been initialised
2019-02-19 17:02:403 INFO  JavaScriptHelper:18 - JavaScriptHelper has been initialised
2019-02-19 17:02:412 INFO  RegistrationPage:101 - selecting mr checkbox..
2019-02-19 17:02:650 INFO  RegistrationPage:113 - entering firstName..firstName
2019-02-19 17:02:991 INFO  RegistrationPage:119 - entering lastname..lastname
2019-02-19 17:02:237 INFO  RegistrationPage:131 - entering password..password
2019-02-19 17:02:492 INFO  RegistrationPage:199 - entering address..address
2019-02-19 17:02:24 INFO  RegistrationPage:181 - entering yourAddressFirstName..yourAddressFirstName
2019-02-19 17:02:515 INFO  RegistrationPage:187 - entering yourAddressLastName..yourAddressLastName
2019-02-19 17:02:11 INFO  RegistrationPage:193 - entering yourAddressCompany..yourAddressCompany
2019-02-19 17:02:416 INFO  RegistrationPage:211 - entering yourAddressCity..yourAddressCity
2019-02-19 17:02:783 INFO  RegistrationPage:217 - entering yourAddressState..Alaska
2019-02-19 17:02:112 INFO  RegistrationPage:223 - entering yourAddressPostCode..99501
2019-02-19 17:02:776 INFO  RegistrationPage:241 - entering mobilePhone..9999999999
2019-02-19 17:02:60 INFO  RegistrationPage:247 - entering addressAlias..addressAlias
2019-02-19 17:02:422 INFO  RegistrationPage:253 - clicked on registration..[[ChromeDriver: chrome on XP (c308a0b3fb1e66b4bae13f00c6d07484)] -> xpath: //*[@id='submitAccount']]
2019-02-19 17:02:586 INFO  WaitHelper:29 - WaitHelper object created..
2019-02-19 17:02:650 INFO  WaitHelper:189 - waiting for :[[ChromeDriver: chrome on XP (c308a0b3fb1e66b4bae13f00c6d07484)] -> xpath: //*[contains(text(),'Order history and details')]] for :200 seconds
2019-02-19 17:02:709 INFO  WaitHelper:195 - element is visible now
2019-02-19 17:02:710 INFO  TestBase:159 - capturing ui navigation screen...
2019-02-19 17:02:710 INFO  JavaScriptHelper:18 - JavaScriptHelper has been initialised
2019-02-19 17:02:126 INFO  JavaScriptHelper:18 - JavaScriptHelper has been initialised
2019-02-19 17:02:333 INFO  VerificationHelper:22 - element is Displayed..Welcome to your account. Here you can manage all of your personal information and orders.
2019-02-19 17:02:372 INFO  TestBase:85 - **************testRegistrationFinished***************
2019-02-19 17:02:768 INFO  TestBase:126 - Initialize Web driver: 29346557
2019-02-19 17:02:769 INFO  WaitHelper:29 - WaitHelper object created..
2019-02-19 17:02:769 INFO  WaitHelper:40 - Implicit Wait has been set to: 120
2019-02-19 17:02:772 INFO  WaitHelper:174 - waiting for page to load for : SECONDS seconds
2019-02-19 17:02:776 INFO  WaitHelper:178 - page is loaded
2019-02-19 17:02:899 INFO  TestBase:67 - **************verifyLowestFirstPriceListInProduct_deatilsPageStarted***************
2019-02-19 17:02:64 INFO  WaitHelper:29 - WaitHelper object created..
2019-02-19 17:02:124 INFO  WaitHelper:189 - waiting for :[[ChromeDriver: chrome on XP (9f2723ddb51322090acb3180ea88e6e6)] -> xpath: //*[@id='block_top_menu']/ul/li[1]/a] for :200 seconds
2019-02-19 17:02:206 INFO  WaitHelper:195 - element is visible now
2019-02-19 17:02:206 INFO  TestBase:159 - capturing ui navigation screen...
2019-02-19 17:02:207 INFO  JavaScriptHelper:18 - JavaScriptHelper has been initialised
2019-02-19 17:02:887 INFO  JavaScriptHelper:18 - JavaScriptHelper has been initialised
2019-02-19 17:02:74 INFO  NavigationMenu:56 - clickin on : WOMEN
2019-02-19 17:02:65 INFO  WaitHelper:29 - WaitHelper object created..
2019-02-19 17:02:115 INFO  WaitHelper:189 - waiting for :[[ChromeDriver: chrome on XP (9f2723ddb51322090acb3180ea88e6e6)] -> xpath: //*[@id='layered_block_left']/p] for :200 seconds
2019-02-19 17:02:223 INFO  WaitHelper:195 - element is visible now
2019-02-19 17:02:229 INFO  TestBase:159 - capturing ui navigation screen...
2019-02-19 17:02:230 INFO  JavaScriptHelper:18 - JavaScriptHelper has been initialised
2019-02-19 17:02:835 INFO  JavaScriptHelper:18 - JavaScriptHelper has been initialised
2019-02-19 17:02:947 INFO  DropDownHelper:20 - DropDownHelper object created..
2019-02-19 17:02:35 INFO  DropDownHelper:37 - selectUsingVisibleText and visibleText is: Price: Lowest first
2019-02-19 17:02:311 INFO  ProductCategoryPage:163 - 16.40
2019-02-19 17:02:422 INFO  ProductCategoryPage:163 - 16.51
2019-02-19 17:02:464 INFO  ProductCategoryPage:163 - 26.00
2019-02-19 17:02:500 INFO  ProductCategoryPage:163 - 27.00
2019-02-19 17:02:547 INFO  ProductCategoryPage:163 - 28.98
2019-02-19 17:02:626 INFO  ProductCategoryPage:163 - 30.50
2019-02-19 17:02:665 INFO  ProductCategoryPage:163 - 50.99
2019-02-19 17:02:666 INFO  ProductCategoryPage:147 - obj.get(i)..16
2019-02-19 17:02:666 INFO  ProductCategoryPage:148 - obj.get(i+1)..16
2019-02-19 17:02:666 INFO  ProductCategoryPage:147 - obj.get(i)..16
2019-02-19 17:02:667 INFO  ProductCategoryPage:148 - obj.get(i+1)..26
2019-02-19 17:02:667 INFO  ProductCategoryPage:147 - obj.get(i)..26
2019-02-19 17:02:667 INFO  ProductCategoryPage:148 - obj.get(i+1)..27
2019-02-19 17:02:667 INFO  ProductCategoryPage:147 - obj.get(i)..27
2019-02-19 17:02:668 INFO  ProductCategoryPage:148 - obj.get(i+1)..28
2019-02-19 17:02:668 INFO  ProductCategoryPage:147 - obj.get(i)..28
2019-02-19 17:02:668 INFO  ProductCategoryPage:148 - obj.get(i+1)..30
2019-02-19 17:02:668 INFO  ProductCategoryPage:147 - obj.get(i)..30
2019-02-19 17:02:668 INFO  ProductCategoryPage:148 - obj.get(i+1)..50
2019-02-19 17:02:673 INFO  TestBase:85 - **************verifyLowestFirstPriceListInProduct_deatilsPageFinished***************
2019-02-19 17:02:426 INFO  TestBase:126 - Initialize Web driver: 15513016
2019-02-19 17:02:436 INFO  WaitHelper:29 - WaitHelper object created..
2019-02-19 17:02:437 INFO  WaitHelper:40 - Implicit Wait has been set to: 120
2019-02-19 17:02:446 INFO  WaitHelper:174 - waiting for page to load for : SECONDS seconds
2019-02-19 17:02:449 INFO  WaitHelper:178 - page is loaded
2019-02-19 17:02:644 INFO  TestBase:67 - **************testLoginToApplicationStarted***************
2019-02-19 17:02:540 INFO  WaitHelper:29 - WaitHelper object created..
2019-02-19 17:02:586 INFO  WaitHelper:189 - waiting for :[[ChromeDriver: chrome on XP (ea5f44729bece3a8206d2e4d3052b991)] -> xpath: //*[@id='header']/div[2]/div/div/nav/div[1]/a] for :200 seconds
2019-02-19 17:02:651 INFO  WaitHelper:195 - element is visible now
2019-02-19 17:02:651 INFO  TestBase:159 - capturing ui navigation screen...
2019-02-19 17:02:653 INFO  JavaScriptHelper:18 - JavaScriptHelper has been initialised
2019-02-19 17:02:356 INFO  JavaScriptHelper:18 - JavaScriptHelper has been initialised
2019-02-19 17:02:411 INFO  LoginPage:65 - clicked on sign in link...
2019-02-19 17:02:594 INFO  LoginPage:71 - entering email address....1529686406836@gmail.com
2019-02-19 17:02:979 INFO  LoginPage:77 - entering password....password
2019-02-19 17:02:242 INFO  LoginPage:83 - clicking on submit button...
2019-02-19 17:02:244 INFO  JavaScriptHelper:18 - JavaScriptHelper has been initialised
2019-02-19 17:02:244 INFO  JavaScriptHelper:84 - scrolling down vertically...
2019-02-19 17:02:968 INFO  WaitHelper:29 - WaitHelper object created..
2019-02-19 17:02:05 INFO  WaitHelper:189 - waiting for :[[ChromeDriver: chrome on XP (ea5f44729bece3a8206d2e4d3052b991)] -> xpath: //*[@id='block_top_menu']/ul/li[1]/a] for :200 seconds
2019-02-19 17:02:64 INFO  WaitHelper:195 - element is visible now
2019-02-19 17:02:65 INFO  TestBase:159 - capturing ui navigation screen...
2019-02-19 17:02:65 INFO  JavaScriptHelper:18 - JavaScriptHelper has been initialised
2019-02-19 17:02:486 INFO  JavaScriptHelper:18 - JavaScriptHelper has been initialised
2019-02-19 17:02:645 ERROR VerificationHelper:27 - element is not Displayed..
2019-02-19 17:02:49 INFO  TestBase:85 - **************testLoginToApplicationFinished***************
2019-02-19 17:02:309 INFO  TestBase:126 - Initialize Web driver: 5290482
2019-02-19 17:02:310 INFO  WaitHelper:29 - WaitHelper object created..
2019-02-19 17:02:310 INFO  WaitHelper:40 - Implicit Wait has been set to: 120
2019-02-19 17:02:313 INFO  WaitHelper:174 - waiting for page to load for : SECONDS seconds
2019-02-19 17:02:317 INFO  WaitHelper:178 - page is loaded
2019-02-19 17:02:448 INFO  TestBase:67 - **************testRegistrationStarted***************
2019-02-19 17:02:284 INFO  WaitHelper:29 - WaitHelper object created..
2019-02-19 17:02:350 INFO  WaitHelper:189 - waiting for :[[ChromeDriver: chrome on XP (8904b6f624440932eac8b17471f71d80)] -> xpath: //*[@id='header']/div[2]/div/div/nav/div[1]/a] for :200 seconds
2019-02-19 17:02:415 INFO  WaitHelper:195 - element is visible now
2019-02-19 17:02:416 INFO  TestBase:159 - capturing ui navigation screen...
2019-02-19 17:02:416 INFO  JavaScriptHelper:18 - JavaScriptHelper has been initialised
2019-02-19 17:02:124 INFO  JavaScriptHelper:18 - JavaScriptHelper has been initialised
2019-02-19 17:02:177 INFO  LoginPage:65 - clicked on sign in link...
2019-02-19 17:02:783 INFO  LoginPage:98 - entering registration email..1550577698783@gmail.com
2019-02-19 17:02:540 INFO  WaitHelper:29 - WaitHelper object created..
2019-02-19 17:02:117 INFO  WaitHelper:189 - waiting for :[[ChromeDriver: chrome on XP (8904b6f624440932eac8b17471f71d80)] -> xpath: //*[@id='id_gender1']] for :200 seconds
2019-02-19 17:02:206 INFO  WaitHelper:195 - element is visible now
2019-02-19 17:02:206 INFO  TestBase:159 - capturing ui navigation screen...
2019-02-19 17:02:207 INFO  JavaScriptHelper:18 - JavaScriptHelper has been initialised
2019-02-19 17:02:655 INFO  JavaScriptHelper:18 - JavaScriptHelper has been initialised
2019-02-19 17:02:669 INFO  RegistrationPage:101 - selecting mr checkbox..
2019-02-19 17:02:985 INFO  RegistrationPage:113 - entering firstName..firstName
2019-02-19 17:02:272 INFO  RegistrationPage:119 - entering lastname..lastname
2019-02-19 17:02:532 INFO  RegistrationPage:131 - entering password..password
2019-02-19 17:02:792 INFO  RegistrationPage:199 - entering address..address
2019-02-19 17:02:227 INFO  RegistrationPage:181 - entering yourAddressFirstName..yourAddressFirstName
2019-02-19 17:02:672 INFO  RegistrationPage:187 - entering yourAddressLastName..yourAddressLastName
2019-02-19 17:02:50 INFO  RegistrationPage:193 - entering yourAddressCompany..yourAddressCompany
2019-02-19 17:02:409 INFO  RegistrationPage:211 - entering yourAddressCity..yourAddressCity
2019-02-19 17:02:741 INFO  RegistrationPage:217 - entering yourAddressState..Alaska
2019-02-19 17:02:988 INFO  RegistrationPage:223 - entering yourAddressPostCode..99501
2019-02-19 17:02:234 INFO  RegistrationPage:241 - entering mobilePhone..9999999999
2019-02-19 17:02:532 INFO  RegistrationPage:247 - entering addressAlias..addressAlias
2019-02-19 17:02:923 INFO  RegistrationPage:253 - clicked on registration..[[ChromeDriver: chrome on XP (8904b6f624440932eac8b17471f71d80)] -> xpath: //*[@id='submitAccount']]
2019-02-19 17:02:105 INFO  WaitHelper:29 - WaitHelper object created..
2019-02-19 17:02:165 INFO  WaitHelper:189 - waiting for :[[ChromeDriver: chrome on XP (8904b6f624440932eac8b17471f71d80)] -> xpath: //*[contains(text(),'Order history and details')]] for :200 seconds
2019-02-19 17:02:228 INFO  WaitHelper:195 - element is visible now
2019-02-19 17:02:229 INFO  TestBase:159 - capturing ui navigation screen...
2019-02-19 17:02:230 INFO  JavaScriptHelper:18 - JavaScriptHelper has been initialised
2019-02-19 17:02:639 INFO  JavaScriptHelper:18 - JavaScriptHelper has been initialised
2019-02-19 17:02:801 INFO  VerificationHelper:22 - element is Displayed..Welcome to your account. Here you can manage all of your personal information and orders.
2019-02-19 17:02:838 INFO  TestBase:85 - **************testRegistrationFinished***************
2019-02-19 17:02:395 INFO  TestBase:126 - Initialize Web driver: 30417729
2019-02-19 17:02:395 INFO  WaitHelper:29 - WaitHelper object created..
2019-02-19 17:02:396 INFO  WaitHelper:40 - Implicit Wait has been set to: 120
2019-02-19 17:02:399 INFO  WaitHelper:174 - waiting for page to load for : SECONDS seconds
2019-02-19 17:02:402 INFO  WaitHelper:178 - page is loaded
2019-02-19 17:02:539 INFO  TestBase:67 - **************verifyLowestFirstPriceListInProduct_deatilsPageStarted***************
2019-02-19 17:02:204 INFO  WaitHelper:29 - WaitHelper object created..
2019-02-19 17:02:253 INFO  WaitHelper:189 - waiting for :[[ChromeDriver: chrome on XP (3b4851e88bbd7d25a40a6a2967901f35)] -> xpath: //*[@id='block_top_menu']/ul/li[1]/a] for :200 seconds
2019-02-19 17:02:302 INFO  WaitHelper:195 - element is visible now
2019-02-19 17:02:303 INFO  TestBase:159 - capturing ui navigation screen...
2019-02-19 17:02:303 INFO  JavaScriptHelper:18 - JavaScriptHelper has been initialised
2019-02-19 17:02:982 INFO  JavaScriptHelper:18 - JavaScriptHelper has been initialised
2019-02-19 17:02:139 INFO  NavigationMenu:56 - clickin on : WOMEN
2019-02-19 17:02:218 INFO  WaitHelper:29 - WaitHelper object created..
2019-02-19 17:02:261 INFO  WaitHelper:189 - waiting for :[[ChromeDriver: chrome on XP (3b4851e88bbd7d25a40a6a2967901f35)] -> xpath: //*[@id='layered_block_left']/p] for :200 seconds
2019-02-19 17:02:316 INFO  WaitHelper:195 - element is visible now
2019-02-19 17:02:316 INFO  TestBase:159 - capturing ui navigation screen...
2019-02-19 17:02:317 INFO  JavaScriptHelper:18 - JavaScriptHelper has been initialised
2019-02-19 17:02:905 INFO  JavaScriptHelper:18 - JavaScriptHelper has been initialised
2019-02-19 17:02:972 INFO  DropDownHelper:20 - DropDownHelper object created..
2019-02-19 17:02:60 INFO  DropDownHelper:37 - selectUsingVisibleText and visibleText is: Price: Lowest first
2019-02-19 17:02:340 INFO  ProductCategoryPage:163 - 16.40
2019-02-19 17:02:409 INFO  ProductCategoryPage:163 - 16.51
2019-02-19 17:02:445 INFO  ProductCategoryPage:163 - 26.00
2019-02-19 17:02:483 INFO  ProductCategoryPage:163 - 27.00
2019-02-19 17:02:534 INFO  ProductCategoryPage:163 - 28.98
2019-02-19 17:02:603 INFO  ProductCategoryPage:163 - 30.50
2019-02-19 17:02:639 INFO  ProductCategoryPage:163 - 50.99
2019-02-19 17:02:639 INFO  ProductCategoryPage:147 - obj.get(i)..16
2019-02-19 17:02:639 INFO  ProductCategoryPage:148 - obj.get(i+1)..16
2019-02-19 17:02:640 INFO  ProductCategoryPage:147 - obj.get(i)..16
2019-02-19 17:02:640 INFO  ProductCategoryPage:148 - obj.get(i+1)..26
2019-02-19 17:02:640 INFO  ProductCategoryPage:147 - obj.get(i)..26
2019-02-19 17:02:640 INFO  ProductCategoryPage:148 - obj.get(i+1)..27
2019-02-19 17:02:641 INFO  ProductCategoryPage:147 - obj.get(i)..27
2019-02-19 17:02:641 INFO  ProductCategoryPage:148 - obj.get(i+1)..28
2019-02-19 17:02:641 INFO  ProductCategoryPage:147 - obj.get(i)..28
2019-02-19 17:02:641 INFO  ProductCategoryPage:148 - obj.get(i+1)..30
2019-02-19 17:02:641 INFO  ProductCategoryPage:147 - obj.get(i)..30
2019-02-19 17:02:642 INFO  ProductCategoryPage:148 - obj.get(i+1)..50
2019-02-19 17:02:646 INFO  TestBase:85 - **************verifyLowestFirstPriceListInProduct_deatilsPageFinished***************
2019-02-19 17:02:510 INFO  TestBase:126 - Initialize Web driver: 15513016
2019-02-19 17:02:517 INFO  WaitHelper:29 - WaitHelper object created..
2019-02-19 17:02:518 INFO  WaitHelper:40 - Implicit Wait has been set to: 120
2019-02-19 17:02:526 INFO  WaitHelper:174 - waiting for page to load for : SECONDS seconds
2019-02-19 17:02:529 INFO  WaitHelper:178 - page is loaded
2019-02-19 17:02:725 INFO  TestBase:67 - **************testLoginToApplicationStarted***************
2019-02-19 17:02:575 INFO  WaitHelper:29 - WaitHelper object created..
2019-02-19 17:02:617 INFO  WaitHelper:189 - waiting for :[[ChromeDriver: chrome on XP (f86f82783259443cd81b4b45a17aec0e)] -> xpath: //*[@id='header']/div[2]/div/div/nav/div[1]/a] for :200 seconds
2019-02-19 17:02:686 INFO  WaitHelper:195 - element is visible now
2019-02-19 17:02:687 INFO  TestBase:159 - capturing ui navigation screen...
2019-02-19 17:02:689 INFO  JavaScriptHelper:18 - JavaScriptHelper has been initialised
2019-02-19 17:02:402 INFO  JavaScriptHelper:18 - JavaScriptHelper has been initialised
2019-02-19 17:02:591 INFO  LoginPage:65 - clicked on sign in link...
2019-02-19 17:02:375 INFO  LoginPage:71 - entering email address....1529686406836@gmail.com
2019-02-19 17:02:738 INFO  LoginPage:77 - entering password....password
2019-02-19 17:02:11 INFO  LoginPage:83 - clicking on submit button...
2019-02-19 17:02:14 INFO  JavaScriptHelper:18 - JavaScriptHelper has been initialised
2019-02-19 17:02:15 INFO  JavaScriptHelper:84 - scrolling down vertically...
2019-02-19 17:02:258 INFO  WaitHelper:29 - WaitHelper object created..
2019-02-19 17:02:306 INFO  WaitHelper:189 - waiting for :[[ChromeDriver: chrome on XP (f86f82783259443cd81b4b45a17aec0e)] -> xpath: //*[@id='block_top_menu']/ul/li[1]/a] for :200 seconds
2019-02-19 17:02:357 INFO  WaitHelper:195 - element is visible now
2019-02-19 17:02:358 INFO  TestBase:159 - capturing ui navigation screen...
2019-02-19 17:02:358 INFO  JavaScriptHelper:18 - JavaScriptHelper has been initialised
2019-02-19 17:02:830 INFO  JavaScriptHelper:18 - JavaScriptHelper has been initialised
2019-02-19 17:02:950 ERROR VerificationHelper:27 - element is not Displayed..
2019-02-19 17:02:349 INFO  TestBase:85 - **************testLoginToApplicationFinished***************
2019-02-19 17:02:498 INFO  TestBase:126 - Initialize Web driver: 2280298
2019-02-19 17:02:499 INFO  WaitHelper:29 - WaitHelper object created..
2019-02-19 17:02:499 INFO  WaitHelper:40 - Implicit Wait has been set to: 120
2019-02-19 17:02:502 INFO  WaitHelper:174 - waiting for page to load for : SECONDS seconds
2019-02-19 17:02:506 INFO  WaitHelper:178 - page is loaded
2019-02-19 17:02:638 INFO  TestBase:67 - **************testRegistrationStarted***************
2019-02-19 17:02:180 INFO  WaitHelper:29 - WaitHelper object created..
2019-02-19 17:02:227 INFO  WaitHelper:189 - waiting for :[[ChromeDriver: chrome on XP (b2c409860a9155bea6a747b29a682357)] -> xpath: //*[@id='header']/div[2]/div/div/nav/div[1]/a] for :200 seconds
2019-02-19 17:02:291 INFO  WaitHelper:195 - element is visible now
2019-02-19 17:02:291 INFO  TestBase:159 - capturing ui navigation screen...
2019-02-19 17:02:291 INFO  JavaScriptHelper:18 - JavaScriptHelper has been initialised
2019-02-19 17:02:912 INFO  JavaScriptHelper:18 - JavaScriptHelper has been initialised
2019-02-19 17:02:959 INFO  LoginPage:65 - clicked on sign in link...
2019-02-19 17:02:693 INFO  LoginPage:98 - entering registration email..1550578311693@gmail.com
2019-02-19 17:02:215 INFO  WaitHelper:29 - WaitHelper object created..
2019-02-19 17:02:593 INFO  WaitHelper:189 - waiting for :[[ChromeDriver: chrome on XP (b2c409860a9155bea6a747b29a682357)] -> xpath: //*[@id='id_gender1']] for :200 seconds
2019-02-19 17:02:691 INFO  WaitHelper:195 - element is visible now
2019-02-19 17:02:692 INFO  TestBase:159 - capturing ui navigation screen...
2019-02-19 17:02:693 INFO  JavaScriptHelper:18 - JavaScriptHelper has been initialised
2019-02-19 17:02:254 INFO  JavaScriptHelper:18 - JavaScriptHelper has been initialised
2019-02-19 17:02:313 INFO  RegistrationPage:101 - selecting mr checkbox..
2019-02-19 17:02:561 INFO  RegistrationPage:113 - entering firstName..firstName
2019-02-19 17:02:846 INFO  RegistrationPage:119 - entering lastname..lastname
2019-02-19 17:02:111 INFO  RegistrationPage:131 - entering password..password
2019-02-19 17:02:363 INFO  RegistrationPage:199 - entering address..address
2019-02-19 17:02:808 INFO  RegistrationPage:181 - entering yourAddressFirstName..yourAddressFirstName
2019-02-19 17:02:259 INFO  RegistrationPage:187 - entering yourAddressLastName..yourAddressLastName
2019-02-19 17:02:731 INFO  RegistrationPage:193 - entering yourAddressCompany..yourAddressCompany
2019-02-19 17:02:175 INFO  RegistrationPage:211 - entering yourAddressCity..yourAddressCity
2019-02-19 17:02:515 INFO  RegistrationPage:217 - entering yourAddressState..Alaska
2019-02-19 17:02:796 INFO  RegistrationPage:223 - entering yourAddressPostCode..99501
2019-02-19 17:02:12 INFO  RegistrationPage:241 - entering mobilePhone..9999999999
2019-02-19 17:02:374 INFO  RegistrationPage:247 - entering addressAlias..addressAlias
2019-02-19 17:02:697 INFO  RegistrationPage:253 - clicked on registration..[[ChromeDriver: chrome on XP (b2c409860a9155bea6a747b29a682357)] -> xpath: //*[@id='submitAccount']]
2019-02-19 17:02:583 INFO  WaitHelper:29 - WaitHelper object created..
2019-02-19 17:02:649 INFO  WaitHelper:189 - waiting for :[[ChromeDriver: chrome on XP (b2c409860a9155bea6a747b29a682357)] -> xpath: //*[contains(text(),'Order history and details')]] for :200 seconds
2019-02-19 17:02:708 INFO  WaitHelper:195 - element is visible now
2019-02-19 17:02:708 INFO  TestBase:159 - capturing ui navigation screen...
2019-02-19 17:02:709 INFO  JavaScriptHelper:18 - JavaScriptHelper has been initialised
2019-02-19 17:02:166 INFO  JavaScriptHelper:18 - JavaScriptHelper has been initialised
2019-02-19 17:02:337 INFO  VerificationHelper:22 - element is Displayed..Welcome to your account. Here you can manage all of your personal information and orders.
2019-02-19 17:02:372 INFO  TestBase:85 - **************testRegistrationFinished***************
2019-02-19 17:02:64 INFO  TestBase:126 - Initialize Web driver: 29346557
2019-02-19 17:02:65 INFO  WaitHelper:29 - WaitHelper object created..
2019-02-19 17:02:65 INFO  WaitHelper:40 - Implicit Wait has been set to: 120
2019-02-19 17:02:68 INFO  WaitHelper:174 - waiting for page to load for : SECONDS seconds
2019-02-19 17:02:71 INFO  WaitHelper:178 - page is loaded
2019-02-19 17:02:216 INFO  TestBase:67 - **************verifyLowestFirstPriceListInProduct_deatilsPageStarted***************
2019-02-19 17:02:229 INFO  WaitHelper:29 - WaitHelper object created..
2019-02-19 17:02:287 INFO  WaitHelper:189 - waiting for :[[ChromeDriver: chrome on XP (0664c9301945c102336c8f5ceac03323)] -> xpath: //*[@id='block_top_menu']/ul/li[1]/a] for :200 seconds
2019-02-19 17:02:338 INFO  WaitHelper:195 - element is visible now
2019-02-19 17:02:339 INFO  TestBase:159 - capturing ui navigation screen...
2019-02-19 17:02:339 INFO  JavaScriptHelper:18 - JavaScriptHelper has been initialised
2019-02-19 17:02:39 INFO  JavaScriptHelper:18 - JavaScriptHelper has been initialised
2019-02-19 17:02:201 INFO  NavigationMenu:56 - clickin on : WOMEN
2019-02-19 17:02:58 INFO  WaitHelper:29 - WaitHelper object created..
2019-02-19 17:02:93 INFO  WaitHelper:189 - waiting for :[[ChromeDriver: chrome on XP (0664c9301945c102336c8f5ceac03323)] -> xpath: //*[@id='layered_block_left']/p] for :200 seconds
2019-02-19 17:02:146 INFO  WaitHelper:195 - element is visible now
2019-02-19 17:02:147 INFO  TestBase:159 - capturing ui navigation screen...
2019-02-19 17:02:147 INFO  JavaScriptHelper:18 - JavaScriptHelper has been initialised
2019-02-19 17:02:670 INFO  JavaScriptHelper:18 - JavaScriptHelper has been initialised
2019-02-19 17:02:735 INFO  DropDownHelper:20 - DropDownHelper object created..
2019-02-19 17:02:826 INFO  DropDownHelper:37 - selectUsingVisibleText and visibleText is: Price: Lowest first
2019-02-19 17:02:114 INFO  ProductCategoryPage:163 - 16.40
2019-02-19 17:02:184 INFO  ProductCategoryPage:163 - 16.51
2019-02-19 17:02:222 INFO  ProductCategoryPage:163 - 26.00
2019-02-19 17:02:258 INFO  ProductCategoryPage:163 - 27.00
2019-02-19 17:02:293 INFO  ProductCategoryPage:163 - 28.98
2019-02-19 17:02:361 INFO  ProductCategoryPage:163 - 30.50
2019-02-19 17:02:402 INFO  ProductCategoryPage:163 - 50.99
2019-02-19 17:02:403 INFO  ProductCategoryPage:147 - obj.get(i)..16
2019-02-19 17:02:403 INFO  ProductCategoryPage:148 - obj.get(i+1)..16
2019-02-19 17:02:403 INFO  ProductCategoryPage:147 - obj.get(i)..16
2019-02-19 17:02:404 INFO  ProductCategoryPage:148 - obj.get(i+1)..26
2019-02-19 17:02:404 INFO  ProductCategoryPage:147 - obj.get(i)..26
2019-02-19 17:02:404 INFO  ProductCategoryPage:148 - obj.get(i+1)..27
2019-02-19 17:02:404 INFO  ProductCategoryPage:147 - obj.get(i)..27
2019-02-19 17:02:404 INFO  ProductCategoryPage:148 - obj.get(i+1)..28
2019-02-19 17:02:405 INFO  ProductCategoryPage:147 - obj.get(i)..28
2019-02-19 17:02:405 INFO  ProductCategoryPage:148 - obj.get(i+1)..30
2019-02-19 17:02:405 INFO  ProductCategoryPage:147 - obj.get(i)..30
2019-02-19 17:02:405 INFO  ProductCategoryPage:148 - obj.get(i+1)..50
2019-02-19 17:02:410 INFO  TestBase:85 - **************verifyLowestFirstPriceListInProduct_deatilsPageFinished***************
2019-02-19 17:02:783 INFO  TestBase:126 - Initialize Web driver: 11683674
2019-02-19 17:02:790 INFO  WaitHelper:29 - WaitHelper object created..
2019-02-19 17:02:790 INFO  WaitHelper:40 - Implicit Wait has been set to: 120
2019-02-19 17:02:799 INFO  WaitHelper:174 - waiting for page to load for : SECONDS seconds
2019-02-19 17:02:802 INFO  WaitHelper:178 - page is loaded
2019-02-19 17:02:998 INFO  TestBase:67 - **************testLoginToApplicationStarted***************
2019-02-19 17:02:401 INFO  WaitHelper:29 - WaitHelper object created..
2019-02-19 17:02:440 INFO  WaitHelper:189 - waiting for :[[ChromeDriver: chrome on XP (3655c502d192afe61099f183d5359e29)] -> xpath: //*[@id='header']/div[2]/div/div/nav/div[1]/a] for :200 seconds
2019-02-19 17:02:500 INFO  WaitHelper:195 - element is visible now
2019-02-19 17:02:500 INFO  TestBase:159 - capturing ui navigation screen...
2019-02-19 17:02:502 INFO  JavaScriptHelper:18 - JavaScriptHelper has been initialised
2019-02-19 17:02:168 INFO  JavaScriptHelper:18 - JavaScriptHelper has been initialised
2019-02-19 17:02:185 INFO  LoginPage:65 - clicked on sign in link...
2019-02-19 17:02:584 INFO  LoginPage:71 - entering email address....1529686406836@gmail.com
2019-02-19 17:02:917 INFO  LoginPage:77 - entering password....password
2019-02-19 17:02:251 INFO  LoginPage:83 - clicking on submit button...
2019-02-19 17:02:254 INFO  JavaScriptHelper:18 - JavaScriptHelper has been initialised
2019-02-19 17:02:256 INFO  JavaScriptHelper:84 - scrolling down vertically...
2019-02-19 17:02:854 INFO  WaitHelper:29 - WaitHelper object created..
2019-02-19 17:02:900 INFO  WaitHelper:189 - waiting for :[[ChromeDriver: chrome on XP (3655c502d192afe61099f183d5359e29)] -> xpath: //*[@id='block_top_menu']/ul/li[1]/a] for :200 seconds
2019-02-19 17:02:949 INFO  WaitHelper:195 - element is visible now
2019-02-19 17:02:950 INFO  TestBase:159 - capturing ui navigation screen...
2019-02-19 17:02:950 INFO  JavaScriptHelper:18 - JavaScriptHelper has been initialised
2019-02-19 17:02:393 INFO  JavaScriptHelper:18 - JavaScriptHelper has been initialised
2019-02-19 17:02:554 ERROR VerificationHelper:27 - element is not Displayed..
2019-02-19 17:02:84 INFO  TestBase:85 - **************testLoginToApplicationFinished***************
2019-02-19 20:02:568 INFO  TestBase:126 - Initialize Web driver: 15513016
2019-02-19 20:02:569 INFO  TestBase:126 - Initialize Web driver: 11683674
2019-02-19 20:02:818 INFO  WaitHelper:29 - WaitHelper object created..
2019-02-19 20:02:819 INFO  WaitHelper:40 - Implicit Wait has been set to: 120
2019-02-19 20:02:822 INFO  WaitHelper:29 - WaitHelper object created..
2019-02-19 20:02:823 INFO  WaitHelper:40 - Implicit Wait has been set to: 120
2019-02-19 21:02:113 INFO  WaitHelper:174 - waiting for page to load for : SECONDS seconds
2019-02-19 21:02:113 INFO  WaitHelper:174 - waiting for page to load for : SECONDS seconds
2019-02-19 21:02:119 INFO  WaitHelper:178 - page is loaded
2019-02-19 21:02:120 INFO  WaitHelper:178 - page is loaded
2019-02-19 21:02:882 INFO  TestBase:67 - **************testLoginToApplicationStarted***************
2019-02-19 21:02:886 INFO  TestBase:67 - **************testLoginToApplicationStarted***************
2019-02-19 21:02:395 INFO  WaitHelper:29 - WaitHelper object created..
2019-03-03 16:03:820 INFO  TestBase:126 - Initialize Web driver: 11683674
2019-03-03 16:03:919 INFO  WaitHelper:29 - WaitHelper object created..
2019-03-03 16:03:919 INFO  WaitHelper:40 - Implicit Wait has been set to: 120
2019-03-03 16:03:935 INFO  WaitHelper:174 - waiting for page to load for : SECONDS seconds
2019-03-03 16:03:951 INFO  WaitHelper:178 - page is loaded
2019-03-03 16:03:169 INFO  TestBase:67 - **************testVerifyProductCountsStarted***************
2019-03-03 16:03:224 INFO  WaitHelper:29 - WaitHelper object created..
2019-03-03 16:03:443 INFO  WaitHelper:189 - waiting for :Proxy element for: DefaultElementLocator 'By.xpath: //*[@id='block_top_menu']/ul/li[1]/a' for :200 seconds
2019-03-03 16:03:454 INFO  TestBase:126 - Initialize Web driver: 11683674
2019-03-03 16:03:462 INFO  WaitHelper:29 - WaitHelper object created..
2019-03-03 16:03:463 INFO  WaitHelper:40 - Implicit Wait has been set to: 120
2019-03-03 16:03:471 INFO  WaitHelper:174 - waiting for page to load for : SECONDS seconds
2019-03-03 16:03:474 INFO  WaitHelper:178 - page is loaded
2019-03-03 16:03:726 INFO  TestBase:67 - **************testVerifyProductCountsStarted***************
2019-03-03 16:03:791 INFO  WaitHelper:29 - WaitHelper object created..
2019-05-10 22:05:147 INFO  TestBase:126 - Initialize Web driver: 11683674
2019-05-10 22:05:241 INFO  WaitHelper:29 - WaitHelper object created..
2019-05-10 22:05:242 INFO  WaitHelper:40 - Implicit Wait has been set to: 120
2019-05-10 22:05:383 INFO  WaitHelper:174 - waiting for page to load for : SECONDS seconds
2019-05-10 22:05:393 INFO  WaitHelper:178 - page is loaded
2019-05-10 22:05:936 INFO  TestBase:67 - **************testRegistrationStarted***************
2019-05-10 22:05:29 INFO  WaitHelper:29 - WaitHelper object created..
2019-05-10 22:05:924 INFO  WaitHelper:189 - waiting for :[[ChromeDriver: chrome on XP (66af58272013cab635aeeedca680b2fb)] -> xpath: //*[@id='header']/div[2]/div/div/nav/div[1]/a] for :200 seconds
2019-05-10 22:05:623 INFO  WaitHelper:195 - element is visible now
2019-05-10 22:05:624 INFO  TestBase:159 - capturing ui navigation screen...
2019-05-10 22:05:707 INFO  JavaScriptHelper:18 - JavaScriptHelper has been initialised
2019-05-10 22:05:235 INFO  JavaScriptHelper:18 - JavaScriptHelper has been initialised
2019-05-10 22:05:332 INFO  LoginPage:65 - clicked on sign in link...
2019-05-10 22:05:550 INFO  LoginPage:98 - entering registration email..1557509317550@gmail.com
2019-05-10 22:05:916 INFO  WaitHelper:29 - WaitHelper object created..
2019-05-10 22:05:533 INFO  WaitHelper:189 - waiting for :[[ChromeDriver: chrome on XP (66af58272013cab635aeeedca680b2fb)] -> xpath: //*[@id='id_gender1']] for :200 seconds
2019-05-10 22:05:651 INFO  WaitHelper:195 - element is visible now
2019-05-10 22:05:652 INFO  TestBase:159 - capturing ui navigation screen...
2019-05-10 22:05:652 INFO  JavaScriptHelper:18 - JavaScriptHelper has been initialised
2019-05-10 22:05:282 INFO  JavaScriptHelper:18 - JavaScriptHelper has been initialised
2019-05-10 22:05:397 INFO  RegistrationPage:101 - selecting mr checkbox..
2019-05-10 22:05:596 INFO  RegistrationPage:113 - entering firstName..firstName
2019-05-10 22:05:324 INFO  RegistrationPage:119 - entering lastname..lastname
2019-05-10 22:05:594 INFO  RegistrationPage:131 - entering password..password
2019-05-10 22:05:883 INFO  RegistrationPage:199 - entering address..address
2019-05-10 22:05:119 INFO  RegistrationPage:181 - entering yourAddressFirstName..yourAddressFirstName
2019-05-10 22:05:740 INFO  RegistrationPage:187 - entering yourAddressLastName..yourAddressLastName
2019-05-10 22:05:294 INFO  RegistrationPage:193 - entering yourAddressCompany..yourAddressCompany
2019-05-10 22:05:771 INFO  RegistrationPage:211 - entering yourAddressCity..yourAddressCity
2019-05-10 22:05:188 INFO  RegistrationPage:217 - entering yourAddressState..Alaska
2019-05-10 22:05:598 INFO  RegistrationPage:223 - entering yourAddressPostCode..99501
2019-05-10 22:05:948 INFO  RegistrationPage:241 - entering mobilePhone..9999999999
2019-05-10 22:05:293 INFO  RegistrationPage:247 - entering addressAlias..addressAlias
2019-05-10 22:05:748 INFO  RegistrationPage:253 - clicked on registration..[[ChromeDriver: chrome on XP (66af58272013cab635aeeedca680b2fb)] -> xpath: //*[@id='submitAccount']]
2019-05-10 22:05:303 INFO  WaitHelper:29 - WaitHelper object created..
2019-05-10 22:05:394 INFO  WaitHelper:189 - waiting for :[[ChromeDriver: chrome on XP (66af58272013cab635aeeedca680b2fb)] -> xpath: //*[contains(text(),'Order history and details')]] for :200 seconds
2019-05-10 22:05:491 INFO  WaitHelper:195 - element is visible now
2019-05-10 22:05:492 INFO  TestBase:159 - capturing ui navigation screen...
2019-05-10 22:05:492 INFO  JavaScriptHelper:18 - JavaScriptHelper has been initialised
2019-05-10 22:05:955 INFO  JavaScriptHelper:18 - JavaScriptHelper has been initialised
2019-05-10 22:05:209 INFO  VerificationHelper:22 - element is Displayed..Welcome to your account. Here you can manage all of your personal information and orders.
2019-05-10 22:05:271 INFO  TestBase:85 - **************testRegistrationFinished***************
